%!Adobe-FontList 1.18
%Locale:0x240a

%BeginFont
Handler:DirectoryHandler
FontType:Type1
FontName:Qraxy
FamilyName:Qraxy
StyleName:Regular
FullName:Qraxy
MenuName:Qraxy
StyleBits:0
WritingScript:Roman
OutlineFileName:C:\Users\Gabriel Calderon\Downloads\Carpeta V9_Home_1920x800px\Carpeta V9_Home_1920x800px\Document fonts\Qraxy.otf
DataFormat:sfntData
UsesStandardEncoding:yes
isCFF:yes
hasSVG:no
FileLength:30768
FileModTime:1487386824
WeightClass:400
WidthClass:5
AngleClass:0
NameArray:0,Mac,18,Qraxy
NameArray:0,Mac,4,Qraxy
NameArray:0,Win,1,Qraxy
%EndFont

%BeginFont
Handler:DirectoryHandler
FontType:TrueType
FontName:Sansita-Bold
FamilyName:Sansita
StyleName:Bold
FullName:Sansita Bold
MenuName:Sansita
StyleBits:2
WritingScript:Roman
OutlineFileName:C:\Users\Gabriel Calderon\Downloads\Carpeta V9_Home_1920x800px\Carpeta V9_Home_1920x800px\Document fonts\Sansita-Bold.ttf
DataFormat:sfntData
hasSVG:no
FileLength:117456
FileModTime:1480827600
WeightClass:700
WidthClass:5
AngleClass:0
NameArray:0,Mac,4,Sansita Bold
NameArray:0,Win,1,Sansita
%EndFont

%BeginFont
Handler:DirectoryHandler
FontType:TrueType
FontName:Sansita-Regular
FamilyName:Sansita
StyleName:Regular
FullName:Sansita Regular
MenuName:Sansita
StyleBits:0
WritingScript:Roman
OutlineFileName:C:\Users\Gabriel Calderon\Downloads\Carpeta V9_Home_1920x800px\Carpeta V9_Home_1920x800px\Document fonts\Sansita-Regular.ttf
DataFormat:sfntData
hasSVG:no
FileLength:116092
FileModTime:1480827600
WeightClass:400
WidthClass:5
AngleClass:0
NameArray:0,Mac,4,Sansita Regular
NameArray:0,Win,1,Sansita
%EndFont

